/cae/apps/data/synopsys-2013/H-2013.03-SP3/auxx/gui/dv/dv_setup.tcl
/cae/apps/data/synopsys-2013/H-2013.03-SP3/auxx/gui/syn/snpsSynProcs.tcl
/cae/apps/data/synopsys-2013/H-2013.03-SP3/auxx/tcllib/lib/tcl8.4/package.tcl
/cae/apps/data/synopsys-2013/H-2013.03-SP3/auxx/gui/syn/layout/pkgIndex.tcl
/cae/apps/data/synopsys-2013/H-2013.03-SP3/auxx/gui/common/layout/pkgIndex.tcl
/cae/apps/data/synopsys-2013/H-2013.03-SP3/auxx/gui/common/timing/pkgIndex.tcl
/cae/apps/data/synopsys-2013/H-2013.03-SP3/auxx/gui/common/menus/pkgIndex.tcl
/cae/apps/data/synopsys-2013/H-2013.03-SP3/auxx/gui/common/qtcl/pkgIndex.tcl
/cae/apps/data/synopsys-2013/H-2013.03-SP3/auxx/gui/common/schematic/pkgIndex.tcl
/cae/apps/data/synopsys-2013/H-2013.03-SP3/auxx/gui/common/regressionToolkit/pkgIndex.tcl
/cae/apps/data/synopsys-2013/H-2013.03-SP3/auxx/gui/common/misc/pkgIndex.tcl
/cae/apps/data/synopsys-2013/H-2013.03-SP3/auxx/gui/common/hierarchy/pkgIndex.tcl
/cae/apps/data/synopsys-2013/H-2013.03-SP3/auxx/gui/common/dialogs/pkgIndex.tcl
/cae/apps/data/synopsys-2013/H-2013.03-SP3/auxx/gui/common/acg/pkgIndex.tcl
/cae/apps/data/synopsys-2013/H-2013.03-SP3/auxx/gui/common/select/pkgIndex.tcl
/cae/apps/data/synopsys-2013/H-2013.03-SP3/auxx/gui/common/tcl-dp/pkgIndex.tcl
/cae/apps/data/synopsys-2013/H-2013.03-SP3/auxx/gui/common/strokes/pkgIndex.tcl
/cae/apps/data/synopsys-2013/H-2013.03-SP3/auxx/gui/common/view/pkgIndex.tcl
/cae/apps/data/synopsys-2013/H-2013.03-SP3/auxx/gui/common/pathinspector/pkgIndex.tcl
/cae/apps/data/synopsys-2013/H-2013.03-SP3/auxx/gui/common/opdlg/pkgIndex.tcl
/cae/apps/data/synopsys-2013/H-2013.03-SP3/auxx/gui/common/table/pkgIndex.tcl
/cae/apps/data/synopsys-2013/H-2013.03-SP3/auxx/gui/common/fanoutviewer/pkgIndex.tcl
/cae/apps/data/synopsys-2013/H-2013.03-SP3/auxx/gui/common/profiler/pkgIndex.tcl
/cae/apps/data/synopsys-2013/H-2013.03-SP3/auxx/gui/common/docBrowser/pkgIndex.tcl
/cae/apps/data/synopsys-2013/H-2013.03-SP3/auxx/gui/common/highlight/pkgIndex.tcl
/cae/apps/data/synopsys-2013/H-2013.03-SP3/auxx/gui/common/histogram/pkgIndex.tcl
/cae/apps/data/synopsys-2013/H-2013.03-SP3/auxx/gui/common/libviewer/pkgIndex.tcl
/cae/apps/data/synopsys-2013/H-2013.03-SP3/auxx/gui/common/setup/pkgIndex.tcl
/cae/apps/data/synopsys-2013/H-2013.03-SP3/auxx/gui/common/WindowFrameWork/pkgIndex.tcl
/cae/apps/data/synopsys-2013/H-2013.03-SP3/auxx/gui/dv/pkgIndex.tcl
/cae/apps/data/synopsys-2013/H-2013.03-SP3/auxx/tcllib/snps_tcl/snpsTest/pkgIndex.tcl
/cae/apps/data/synopsys-2013/H-2013.03-SP3/auxx/tcllib/snps_tcl/snpsUtils/pkgIndex.tcl
/cae/apps/data/synopsys-2013/H-2013.03-SP3/auxx/tcllib/snps_tcl/snpsTclPro/pkgIndex.tcl
/cae/apps/data/synopsys-2013/H-2013.03-SP3/auxx/tcllib/snps_tcl/pkgIndex.tcl
/cae/apps/data/synopsys-2013/H-2013.03-SP3/auxx/tcllib/lib/tcl8.4/http1.0/pkgIndex.tcl
/cae/apps/data/synopsys-2013/H-2013.03-SP3/auxx/tcllib/lib/tcl8.4/tcltest/pkgIndex.tcl
/cae/apps/data/synopsys-2013/H-2013.03-SP3/auxx/tcllib/lib/tcl8.4/opt/pkgIndex.tcl
/cae/apps/data/synopsys-2013/H-2013.03-SP3/auxx/tcllib/lib/tcl8.4/msgcat/pkgIndex.tcl
/cae/apps/data/synopsys-2013/H-2013.03-SP3/auxx/tcllib/lib/tcl8.4/dde/pkgIndex.tcl
/cae/apps/data/synopsys-2013/H-2013.03-SP3/auxx/tcllib/lib/tcl8.4/reg/pkgIndex.tcl
/cae/apps/data/synopsys-2013/H-2013.03-SP3/auxx/tcllib/lib/tcl8.4/http/pkgIndex.tcl
/cae/apps/data/synopsys-2013/H-2013.03-SP3/auxx/gui/common/setup/snpsCommonSetup.tcl
/cae/apps/data/synopsys-2013/H-2013.03-SP3/auxx/gui/common/setup/snpsCustomize.tcl
/cae/apps/data/synopsys-2013/H-2013.03-SP3/auxx/gui/common/setup/snpsProcheck.tcl
/cae/apps/data/synopsys-2013/H-2013.03-SP3/auxx/gui/common/qtcl/.synopsys_qtcl.tcl
/cae/apps/data/synopsys-2013/H-2013.03-SP3/auxx/gui/common/highlight/highlight.tcl
/cae/apps/data/synopsys-2013/H-2013.03-SP3/auxx/gui/common/misc/base.tcl
/cae/apps/data/synopsys-2013/H-2013.03-SP3/auxx/gui/common/misc/timing.tcl
/cae/apps/data/synopsys-2013/H-2013.03-SP3/auxx/gui/common/misc/setting.tcl
/cae/apps/data/synopsys-2013/H-2013.03-SP3/auxx/gui/common/misc/preset.tcl
/cae/apps/data/synopsys-2013/H-2013.03-SP3/auxx/gui/common/WindowFrameWork/windowFrameWork.tcl
/cae/apps/data/synopsys-2013/H-2013.03-SP3/auxx/gui/common/WindowFrameWork/skipBusyCursorCmdList.tcl
/cae/apps/data/synopsys-2013/H-2013.03-SP3/auxx/gui/common/docBrowser/docBrowser.tcl
/cae/apps/data/synopsys-2013/H-2013.03-SP3/auxx/tcllib/snps_tcl/snpsUtils/snpsUtils.tcl
/cae/apps/data/synopsys-2013/H-2013.03-SP3/auxx/gui/common/dialogs/ObjectChooser.tcl
/cae/apps/data/synopsys-2013/H-2013.03-SP3/auxx/gui/common/misc/DialogObjectChooser.tcl
/cae/apps/data/synopsys-2013/H-2013.03-SP3/auxx/gui/common/dialogs/HistBinInformation.tcl
/cae/apps/data/synopsys-2013/H-2013.03-SP3/auxx/gui/common/dialogs/HistBin1Information.tcl
/cae/apps/data/synopsys-2013/H-2013.03-SP3/auxx/gui/common/dialogs/BinsOnlyInformation.tcl
/cae/apps/data/synopsys-2013/H-2013.03-SP3/auxx/gui/common/dialogs/FileChooser.tcl
/cae/apps/data/synopsys-2013/H-2013.03-SP3/auxx/gui/common/dialogs/PathPinSimpleInfo.tcl
/cae/apps/data/synopsys-2013/H-2013.03-SP3/auxx/gui/common/dialogs/PathsBasicInfo.tcl
/cae/apps/data/synopsys-2013/H-2013.03-SP3/auxx/gui/common/dialogs/PathsBasicSimpleInfo.tcl
/cae/apps/data/synopsys-2013/H-2013.03-SP3/auxx/gui/common/dialogs/SlctOperationInfo.tcl
/cae/apps/data/synopsys-2013/H-2013.03-SP3/auxx/gui/common/dialogs/ObjectListInfo.tcl
/cae/apps/data/synopsys-2013/H-2013.03-SP3/auxx/gui/common/dialogs/FanInOutInfo.tcl
/cae/apps/data/synopsys-2013/H-2013.03-SP3/auxx/gui/common/dialogs/NumberOfLevelsChooser.tcl
/cae/apps/data/synopsys-2013/H-2013.03-SP3/auxx/gui/common/dialogs/WindowReuseInfo.tcl
/cae/apps/data/synopsys-2013/H-2013.03-SP3/auxx/gui/common/dialogs/ReportOutputOptionInfo.tcl
/cae/apps/data/synopsys-2013/H-2013.03-SP3/auxx/gui/common/setup/snpsCollections.tcl
/cae/apps/data/synopsys-2013/H-2013.03-SP3/auxx/gui/common/dialogs/CompileLinkDesign.tcl
/cae/apps/data/synopsys-2013/H-2013.03-SP3/auxx/gui/common/histogram/DialogEndpointSlack.tcl
/cae/apps/data/synopsys-2013/H-2013.03-SP3/auxx/gui/common/histogram/DialogPathsSlack.tcl
/cae/apps/data/synopsys-2013/H-2013.03-SP3/auxx/gui/common/histogram/DialogNetCapacitance.tcl
/cae/apps/data/synopsys-2013/H-2013.03-SP3/auxx/gui/common/schematic/DialogPathSchematicFanInOut.tcl
/cae/apps/data/synopsys-2013/H-2013.03-SP3/auxx/gui/common/schematic/DialogPathSchematicAddPaths.tcl
/cae/apps/data/synopsys-2013/H-2013.03-SP3/auxx/tcllib/lib/tk8.4/tk.tcl
/cae/apps/data/synopsys-2013/H-2013.03-SP3/auxx/tcllib/lib/tcl8.4/msgcat/msgcat.tcl
/cae/apps/data/synopsys-2013/H-2013.03-SP3/auxx/tcllib/lib/tk8.4/button.tcl
/cae/apps/data/synopsys-2013/H-2013.03-SP3/auxx/tcllib/lib/tk8.4/entry.tcl
/cae/apps/data/synopsys-2013/H-2013.03-SP3/auxx/tcllib/lib/tk8.4/listbox.tcl
/cae/apps/data/synopsys-2013/H-2013.03-SP3/auxx/tcllib/lib/tk8.4/menu.tcl
/cae/apps/data/synopsys-2013/H-2013.03-SP3/auxx/tcllib/lib/tk8.4/panedwindow.tcl
/cae/apps/data/synopsys-2013/H-2013.03-SP3/auxx/tcllib/lib/tk8.4/scale.tcl
/cae/apps/data/synopsys-2013/H-2013.03-SP3/auxx/tcllib/lib/tk8.4/scrlbar.tcl
/cae/apps/data/synopsys-2013/H-2013.03-SP3/auxx/tcllib/lib/tk8.4/spinbox.tcl
/cae/apps/data/synopsys-2013/H-2013.03-SP3/auxx/tcllib/lib/tk8.4/text.tcl
/cae/apps/data/synopsys-2013/H-2013.03-SP3/auxx/tcllib/lib/tix8.1.4/Init.tcl
/cae/apps/data/synopsys-2013/H-2013.03-SP3/auxx/tcllib/lib/tix8.1.4/Version.tcl
/cae/apps/data/synopsys-2013/H-2013.03-SP3/auxx/tcllib/lib/tix8.1.4/UnixFile.tcl
/cae/apps/data/synopsys-2013/H-2013.03-SP3/auxx/tcllib/lib/tix8.1.4/Tix.tcl
/cae/apps/data/synopsys-2013/H-2013.03-SP3/auxx/tcllib/lib/tix8.1.4/fs.tcl
/cae/apps/data/synopsys-2013/H-2013.03-SP3/auxx/tcllib/lib/tix8.1.4/pref/WmDefault.fsc
/cae/apps/data/synopsys-2013/H-2013.03-SP3/auxx/tcllib/lib/tix8.1.4/pref/pkgIndex.tcl
/cae/apps/data/synopsys-2013/H-2013.03-SP3/auxx/gui/syn/layout/pkgIndex.tcl
/cae/apps/data/synopsys-2013/H-2013.03-SP3/auxx/gui/common/layout/pkgIndex.tcl
/cae/apps/data/synopsys-2013/H-2013.03-SP3/auxx/gui/common/timing/pkgIndex.tcl
/cae/apps/data/synopsys-2013/H-2013.03-SP3/auxx/gui/common/menus/pkgIndex.tcl
/cae/apps/data/synopsys-2013/H-2013.03-SP3/auxx/gui/common/qtcl/pkgIndex.tcl
/cae/apps/data/synopsys-2013/H-2013.03-SP3/auxx/gui/common/schematic/pkgIndex.tcl
/cae/apps/data/synopsys-2013/H-2013.03-SP3/auxx/gui/common/regressionToolkit/pkgIndex.tcl
/cae/apps/data/synopsys-2013/H-2013.03-SP3/auxx/gui/common/misc/pkgIndex.tcl
/cae/apps/data/synopsys-2013/H-2013.03-SP3/auxx/gui/common/hierarchy/pkgIndex.tcl
/cae/apps/data/synopsys-2013/H-2013.03-SP3/auxx/gui/common/dialogs/pkgIndex.tcl
/cae/apps/data/synopsys-2013/H-2013.03-SP3/auxx/gui/common/acg/pkgIndex.tcl
/cae/apps/data/synopsys-2013/H-2013.03-SP3/auxx/gui/common/select/pkgIndex.tcl
/cae/apps/data/synopsys-2013/H-2013.03-SP3/auxx/gui/common/tcl-dp/pkgIndex.tcl
/cae/apps/data/synopsys-2013/H-2013.03-SP3/auxx/gui/common/strokes/pkgIndex.tcl
/cae/apps/data/synopsys-2013/H-2013.03-SP3/auxx/gui/common/view/pkgIndex.tcl
/cae/apps/data/synopsys-2013/H-2013.03-SP3/auxx/gui/common/pathinspector/pkgIndex.tcl
/cae/apps/data/synopsys-2013/H-2013.03-SP3/auxx/gui/common/opdlg/pkgIndex.tcl
/cae/apps/data/synopsys-2013/H-2013.03-SP3/auxx/gui/common/table/pkgIndex.tcl
/cae/apps/data/synopsys-2013/H-2013.03-SP3/auxx/gui/common/fanoutviewer/pkgIndex.tcl
/cae/apps/data/synopsys-2013/H-2013.03-SP3/auxx/gui/common/profiler/pkgIndex.tcl
/cae/apps/data/synopsys-2013/H-2013.03-SP3/auxx/gui/common/docBrowser/pkgIndex.tcl
/cae/apps/data/synopsys-2013/H-2013.03-SP3/auxx/gui/common/highlight/pkgIndex.tcl
/cae/apps/data/synopsys-2013/H-2013.03-SP3/auxx/gui/common/histogram/pkgIndex.tcl
/cae/apps/data/synopsys-2013/H-2013.03-SP3/auxx/gui/common/libviewer/pkgIndex.tcl
/cae/apps/data/synopsys-2013/H-2013.03-SP3/auxx/gui/common/setup/pkgIndex.tcl
/cae/apps/data/synopsys-2013/H-2013.03-SP3/auxx/gui/common/WindowFrameWork/pkgIndex.tcl
/cae/apps/data/synopsys-2013/H-2013.03-SP3/auxx/gui/dv/pkgIndex.tcl
/cae/apps/data/synopsys-2013/H-2013.03-SP3/auxx/tcllib/snps_tcl/snpsTest/pkgIndex.tcl
/cae/apps/data/synopsys-2013/H-2013.03-SP3/auxx/tcllib/snps_tcl/snpsUtils/pkgIndex.tcl
/cae/apps/data/synopsys-2013/H-2013.03-SP3/auxx/tcllib/snps_tcl/snpsTclPro/pkgIndex.tcl
/cae/apps/data/synopsys-2013/H-2013.03-SP3/auxx/tcllib/snps_tcl/pkgIndex.tcl
/cae/apps/data/synopsys-2013/H-2013.03-SP3/auxx/tcllib/lib/tcl8.4/http1.0/pkgIndex.tcl
/cae/apps/data/synopsys-2013/H-2013.03-SP3/auxx/tcllib/lib/tcl8.4/tcltest/pkgIndex.tcl
/cae/apps/data/synopsys-2013/H-2013.03-SP3/auxx/tcllib/lib/tcl8.4/opt/pkgIndex.tcl
/cae/apps/data/synopsys-2013/H-2013.03-SP3/auxx/tcllib/lib/tcl8.4/msgcat/pkgIndex.tcl
/cae/apps/data/synopsys-2013/H-2013.03-SP3/auxx/tcllib/lib/tcl8.4/dde/pkgIndex.tcl
/cae/apps/data/synopsys-2013/H-2013.03-SP3/auxx/tcllib/lib/tcl8.4/reg/pkgIndex.tcl
/cae/apps/data/synopsys-2013/H-2013.03-SP3/auxx/tcllib/lib/tcl8.4/http/pkgIndex.tcl
/cae/apps/data/synopsys-2013/H-2013.03-SP3/auxx/tcllib/lib/tix8.1.4/pref/WmDefault.tcl
/cae/apps/data/synopsys-2013/H-2013.03-SP3/auxx/tcllib/lib/tix8.1.4/pref/WmDefault.csc
/cae/apps/data/synopsys-2013/H-2013.03-SP3/auxx/tcllib/lib/tix8.1.4/HList.tcl
/cae/apps/data/synopsys-2013/H-2013.03-SP3/auxx/tcllib/lib/tk8.4/unsupported.tcl
/cae/apps/data/synopsys-2013/H-2013.03-SP3/auxx/tcllib/lib/tix8.1.4/Event.tcl
/cae/apps/data/synopsys-2013/H-2013.03-SP3/auxx/tcllib/lib/tix8.1.4/TList.tcl
/cae/apps/data/synopsys-2013/H-2013.03-SP3/auxx/tcllib/lib/tix8.1.4/Grid.tcl
/cae/apps/data/synopsys-2013/H-2013.03-SP3/auxx/tcllib/lib/tix8.1.4/ComboBox.tcl
/cae/apps/data/synopsys-2013/H-2013.03-SP3/auxx/tcllib/lib/tix8.1.4/LabWidg.tcl
/cae/apps/data/synopsys-2013/H-2013.03-SP3/auxx/tcllib/lib/tix8.1.4/Primitiv.tcl
/cae/apps/data/synopsys-2013/H-2013.03-SP3/auxx/tcllib/lib/tix8.1.4/Control.tcl
/cae/apps/data/synopsys-2013/H-2013.03-SP3/auxx/tcllib/lib/tix8.1.4/FloatEnt.tcl
/cae/apps/data/synopsys-2013/H-2013.03-SP3/auxx/tcllib/lib/tix8.1.4/LabEntry.tcl
/cae/apps/data/synopsys-2013/H-2013.03-SP3/auxx/tcllib/lib/tix8.1.4/SGrid.tcl
/cae/apps/data/synopsys-2013/H-2013.03-SP3/auxx/tcllib/lib/tix8.1.4/SWidget.tcl
/cae/apps/data/synopsys-2013/H-2013.03-SP3/auxx/tcllib/lib/tix8.1.4/SListBox.tcl
/cae/apps/data/synopsys-2013/H-2013.03-SP3/auxx/gui/common/histogram/base.tcl
/cae/apps/data/synopsys-2013/H-2013.03-SP3/auxx/gui/common/profiler/base.tcl
/cae/apps/data/synopsys-2013/H-2013.03-SP3/auxx/gui/common/schematic/base.tcl
/cae/apps/data/synopsys-2013/H-2013.03-SP3/auxx/gui/common/select/baseInternal.tcl
/cae/apps/data/synopsys-2013/H-2013.03-SP3/auxx/gui/common/schematic/enable.tcl
/cae/apps/data/synopsys-2013/H-2013.03-SP3/auxx/gui/common/schematic/netlist.tcl
/cae/apps/data/synopsys-2013/H-2013.03-SP3/auxx/gui/common/schematic/method.tcl
/cae/apps/data/synopsys-2013/H-2013.03-SP3/auxx/gui/common/misc/createViewType.tcl
/cae/apps/data/synopsys-2013/H-2013.03-SP3/auxx/gui/common/menus/base.tcl
/cae/apps/data/synopsys-2013/H-2013.03-SP3/auxx/gui/common/libviewer/base.tcl
/cae/apps/data/synopsys-2013/H-2013.03-SP3/auxx/gui/common/misc/viewmgr.tcl
/cae/apps/data/synopsys-2013/H-2013.03-SP3/auxx/gui/common/pathinspector/base.tcl
/cae/apps/data/synopsys-2013/H-2013.03-SP3/auxx/gui/common/pathinspector/create_window_and_menu.tcl
/cae/apps/data/synopsys-2013/H-2013.03-SP3/auxx/gui/dv/dv_path_cat_view.tcl
/cae/apps/data/synopsys-2013/H-2013.03-SP3/auxx/gui/common/table/table.tcl
/cae/apps/data/synopsys-2013/H-2013.03-SP3/auxx/gui/common/table/table_internal.tcl
/cae/apps/data/synopsys-2013/H-2013.03-SP3/auxx/gui/common/misc/infotip.tcl
/cae/apps/data/synopsys-2013/H-2013.03-SP3/auxx/gui/common/misc/viewporthistory.tcl
/filespace/people/e/egthompson/ece551/workspace/project/vReg.v
/filespace/people/e/egthompson/ece551/workspace/project/sReg.v
/filespace/people/e/egthompson/ece551/workspace/project/offsetu.v
/filespace/people/e/egthompson/ece551/workspace/project/addrUnit.v
/filespace/people/e/egthompson/ece551/workspace/project/PCunit.v
/filespace/people/e/egthompson/ece551/workspace/project/CVP14.v
/cae/apps/data/synopsys-2011/TSMCHOME/digital/Front_End/timing_power_noise/NLDM/tcbn40lpbwp_120b/tcbn40lpbwptc.db
/cae/apps/data/synopsys-2011/TSMCHOME/digital/Front_End/timing_power_noise/NLDM/tpfn45gsgv18_120a/tpfn45gsgv18tc.db
/cae/apps/data/synopsys-2013/H-2013.03-SP3/libraries/syn/gtech.db
/cae/apps/data/synopsys-2013/H-2013.03-SP3/libraries/syn/standard.sldb
/filespace/people/e/egthompson/ece551/workspace/project/synthesis.dc
/filespace/people/e/egthompson/synopsys_cache_H-2013.03-SP3/DW01/DW01_MUX/str/tcbn40lpbwptc_2041_1465_4702/element.ddc
/filespace/people/e/egthompson/synopsys_cache_H-2013.03-SP3/DW01/DW01_mmux/str/2/tcbn40lpbwptc_2041_1465_4702/element.ddc
/filespace/people/e/egthompson/synopsys_cache_H-2013.03-SP3/DW01/DW01_mmux/str/3/tcbn40lpbwptc_2041_1465_4702/element.ddc
/filespace/people/e/egthompson/synopsys_cache_H-2013.03-SP3/DW01/DW01_mmux/str/4/tcbn40lpbwptc_2041_1465_4702/element.ddc
/filespace/people/e/egthompson/synopsys_cache_H-2013.03-SP3/DW01/DW01_mmux/str/5/tcbn40lpbwptc_2041_1465_4702/element.ddc
/filespace/people/e/egthompson/synopsys_cache_H-2013.03-SP3/DW01/DW01_inc/rpl/4/tcbn40lpbwptc_2041_1465_4702/element.ddc
/filespace/people/e/egthompson/synopsys_cache_H-2013.03-SP3/DW01/DW01_add/rpl/16/tcbn40lpbwptc_2041_1465_4702/element.ddc
/filespace/people/e/egthompson/synopsys_cache_H-2013.03-SP3/DW01/DW01_add/cla/16/tcbn40lpbwptc_2041_1465_4702/element.ddc
/filespace/people/e/egthompson/synopsys_cache_H-2013.03-SP3/DW01/DW01_inc/rpl/16/tcbn40lpbwptc_2041_1465_4702/element.ddc
/filespace/people/e/egthompson/synopsys_cache_H-2013.03-SP3/DW01/DW01_NOT/str/tcbn40lpbwptc_2041_1465_4702/element.ddc
/filespace/people/e/egthompson/synopsys_cache_H-2013.03-SP3/DW01/DW01_add/rpl/4/tcbn40lpbwptc_2041_1465_4702/element.ddc
/filespace/people/e/egthompson/synopsys_cache_H-2013.03-SP3/DW01/DW01_add/cla/4/tcbn40lpbwptc_2041_1465_4702/element.ddc
/filespace/people/e/egthompson/synopsys_cache_H-2013.03-SP3/DW01/DW01_incdec/rpl/4/tcbn40lpbwptc_2041_1465_4702/element.ddc
/filespace/people/e/egthompson/synopsys_cache_H-2013.03-SP3/DW01/DW01_incdec/rpl/16/tcbn40lpbwptc_2041_1465_4702/element.ddc
/filespace/people/e/egthompson/synopsys_cache_H-2013.03-SP3/DW01/DW01_inc/rpl/4/tcbn40lpbwptc_2041/element.ddc
/filespace/people/e/egthompson/synopsys_cache_H-2013.03-SP3/DW01/DW01_add/cla/16/tcbn40lpbwptc_2041/element.ddc
/filespace/people/e/egthompson/synopsys_cache_H-2013.03-SP3/DW01/DW01_add/cla/16/tcbn40lpbwptc_2041_1465_4702/element.ddc
/filespace/people/e/egthompson/synopsys_cache_H-2013.03-SP3/DW01/DW01_add/rpl/16/tcbn40lpbwptc_2041/element.ddc
/filespace/people/e/egthompson/synopsys_cache_H-2013.03-SP3/DW01/DW01_add/rpl/16/tcbn40lpbwptc_2041_1465_4702/element.ddc
/cae/apps/data/synopsys-2011/TSMCHOME/digital/Front_End/timing_power_noise/NLDM/tcbn40lpbwp_120b/tcbn40lpbwptc.db
/cae/apps/data/synopsys-2011/TSMCHOME/digital/Front_End/timing_power_noise/NLDM/tpfn45gsgv18_120a/tpfn45gsgv18tc.db
